<?xml version="1.0" encoding="UTF-8"?>
<testng-results ignored="0" total="5" passed="2" failed="3" skipped="0">
  <reporter-output>
  </reporter-output>
  <suite started-at="2022-11-05T20:44:06 IST" name="Suite" finished-at="2022-11-05T20:45:18 IST" duration-ms="72225">
    <groups>
      <group name="group2">
        <method signature="LoginPageExecuteClass.verifySuccessfulLogin()[pri:2, instance:executeClasses.LoginPageExecuteClass@2fb0623e]" name="verifySuccessfulLogin" class="executeClasses.LoginPageExecuteClass"/>
        <method signature="LoginPageExecuteClass.verifyUnsuccessfulLogin(java.lang.String,java.lang.String)[pri:3, instance:executeClasses.LoginPageExecuteClass@2fb0623e]" name="verifyUnsuccessfulLogin" class="executeClasses.LoginPageExecuteClass"/>
      </group> <!-- group2 -->
      <group name="group1">
        <method signature="LoginPageExecuteClass.verifyTheLogoIsDisplayedOrNot()[pri:1, instance:executeClasses.LoginPageExecuteClass@2fb0623e]" name="verifyTheLogoIsDisplayedOrNot" class="executeClasses.LoginPageExecuteClass"/>
      </group> <!-- group1 -->
    </groups>
    <test started-at="2022-11-05T20:44:06 IST" name="Test" finished-at="2022-11-05T20:45:18 IST" duration-ms="72225">
      <class name="executeClasses.LoginPageExecuteClass">
        <test-method is-config="true" signature="createReport(org.testng.ITestContext)[pri:0, instance:executeClasses.LoginPageExecuteClass@2fb0623e]" started-at="2022-11-05T20:44:06 IST" name="createReport" finished-at="2022-11-05T20:44:06 IST" duration-ms="32" status="PASS">
          <params>
            <param index="0">
              <value>
                <![CDATA[org.testng.TestRunner@388be5fd]]>
              </value>
            </param>
          </params>
          <reporter-output>
          </reporter-output>
        </test-method> <!-- createReport -->
        <test-method is-config="true" signature="beforeMethod(java.lang.String)[pri:0, instance:executeClasses.LoginPageExecuteClass@2fb0623e]" started-at="2022-11-05T20:44:06 IST" name="beforeMethod" finished-at="2022-11-05T20:44:15 IST" duration-ms="9762" status="PASS">
          <params>
            <param index="0">
              <value>
                <![CDATA[edge]]>
              </value>
            </param>
          </params>
          <reporter-output>
          </reporter-output>
        </test-method> <!-- beforeMethod -->
        <test-method signature="verifyTheLogoIsDisplayedOrNot()[pri:1, instance:executeClasses.LoginPageExecuteClass@2fb0623e]" started-at="2022-11-05T20:44:15 IST" name="verifyTheLogoIsDisplayedOrNot" finished-at="2022-11-05T20:44:15 IST" duration-ms="87" status="PASS">
          <reporter-output>
          </reporter-output>
        </test-method> <!-- verifyTheLogoIsDisplayedOrNot -->
        <test-method is-config="true" signature="afterMethod(org.testng.ITestResult)[pri:0, instance:executeClasses.LoginPageExecuteClass@2fb0623e]" started-at="2022-11-05T20:44:15 IST" name="afterMethod" finished-at="2022-11-05T20:44:16 IST" duration-ms="221" status="PASS">
          <params>
            <param index="0">
              <value>
                <![CDATA[[TestResult name=verifyTheLogoIsDisplayedOrNot status=SUCCESS method=LoginPageExecuteClass.verifyTheLogoIsDisplayedOrNot()[pri:1, instance:executeClasses.LoginPageExecuteClass@2fb0623e] output={null}]]]>
              </value>
            </param>
          </params>
          <reporter-output>
          </reporter-output>
        </test-method> <!-- afterMethod -->
        <test-method is-config="true" signature="beforeMethod(java.lang.String)[pri:0, instance:executeClasses.LoginPageExecuteClass@2fb0623e]" started-at="2022-11-05T20:44:16 IST" name="beforeMethod" finished-at="2022-11-05T20:44:27 IST" duration-ms="11695" status="PASS">
          <params>
            <param index="0">
              <value>
                <![CDATA[edge]]>
              </value>
            </param>
          </params>
          <reporter-output>
          </reporter-output>
        </test-method> <!-- beforeMethod -->
        <test-method signature="verifySuccessfulLogin()[pri:2, instance:executeClasses.LoginPageExecuteClass@2fb0623e]" started-at="2022-11-05T20:44:27 IST" name="verifySuccessfulLogin" finished-at="2022-11-05T20:44:34 IST" duration-ms="6390" status="PASS">
          <reporter-output>
          </reporter-output>
        </test-method> <!-- verifySuccessfulLogin -->
        <test-method is-config="true" signature="afterMethod(org.testng.ITestResult)[pri:0, instance:executeClasses.LoginPageExecuteClass@2fb0623e]" started-at="2022-11-05T20:44:34 IST" name="afterMethod" finished-at="2022-11-05T20:44:34 IST" duration-ms="246" status="PASS">
          <params>
            <param index="0">
              <value>
                <![CDATA[[TestResult name=verifySuccessfulLogin status=SUCCESS method=LoginPageExecuteClass.verifySuccessfulLogin()[pri:2, instance:executeClasses.LoginPageExecuteClass@2fb0623e] output={null}]]]>
              </value>
            </param>
          </params>
          <reporter-output>
          </reporter-output>
        </test-method> <!-- afterMethod -->
        <test-method is-config="true" signature="beforeMethod(java.lang.String)[pri:0, instance:executeClasses.LoginPageExecuteClass@2fb0623e]" started-at="2022-11-05T20:44:34 IST" name="beforeMethod" finished-at="2022-11-05T20:44:40 IST" duration-ms="6386" status="PASS">
          <params>
            <param index="0">
              <value>
                <![CDATA[edge]]>
              </value>
            </param>
          </params>
          <reporter-output>
          </reporter-output>
        </test-method> <!-- beforeMethod -->
        <test-method signature="verifyUnsuccessfulLogin(java.lang.String,java.lang.String)[pri:3, instance:executeClasses.LoginPageExecuteClass@2fb0623e]" started-at="2022-11-05T20:44:40 IST" name="verifyUnsuccessfulLogin" data-provider="DataProvider" finished-at="2022-11-05T20:44:46 IST" duration-ms="5543" status="FAIL">
          <params>
            <param index="0">
              <value>
                <![CDATA[admin123]]>
              </value>
            </param>
            <param index="1">
              <value>
                <![CDATA[password]]>
              </value>
            </param>
          </params>
          <exception class="org.openqa.selenium.NoSuchElementException">
            <message>
              <![CDATA[no such element: Unable to locate element: {"method":"xpath","selector":"//*[contains(text(),'admin Doe')]"}
  (Session info: MicrosoftEdge=107.0.1418.35)
For documentation on this error, please visit: https://selenium.dev/exceptions/#no_such_element
Build info: version: '4.2.1', revision: 'ac4d0fdd4a'
System info: host: 'DESKTOP-4FFBNMC', ip: '192.168.1.40', os.name: 'Windows 10', os.arch: 'amd64', os.version: '10.0', java.version: '16.0.1'
Driver info: org.openqa.selenium.edge.EdgeDriver
Command: [0d16e2765e27ffc7d6f038e398b7d0b7, findElement {using=xpath, value=//*[contains(text(),'admin Doe')]}]
Capabilities {acceptInsecureCerts: false, browserName: msedge, browserVersion: 107.0.1418.35, ms:edgeOptions: {debuggerAddress: localhost:52451}, msedge: {msedgedriverVersion: 107.0.1418.35 (806ca5c53c4f..., userDataDir: C:\Users\dell\AppData\Local...}, networkConnectionEnabled: false, pageLoadStrategy: normal, platformName: WINDOWS, proxy: Proxy(), se:cdp: ws://localhost:52451/devtoo..., se:cdpVersion: 107.0.1418.35, setWindowRect: true, strictFileInteractability: false, timeouts: {implicit: 0, pageLoad: 300000, script: 30000}, unhandledPromptBehavior: dismiss and notify, webauthn:extension:credBlob: true, webauthn:extension:largeBlob: true, webauthn:virtualAuthenticators: true}
Session ID: 0d16e2765e27ffc7d6f038e398b7d0b7]]>
            </message>
            <full-stacktrace>
              <![CDATA[org.openqa.selenium.NoSuchElementException: no such element: Unable to locate element: {"method":"xpath","selector":"//*[contains(text(),'admin Doe')]"}
  (Session info: MicrosoftEdge=107.0.1418.35)
For documentation on this error, please visit: https://selenium.dev/exceptions/#no_such_element
Build info: version: '4.2.1', revision: 'ac4d0fdd4a'
System info: host: 'DESKTOP-4FFBNMC', ip: '192.168.1.40', os.name: 'Windows 10', os.arch: 'amd64', os.version: '10.0', java.version: '16.0.1'
Driver info: org.openqa.selenium.edge.EdgeDriver
Command: [0d16e2765e27ffc7d6f038e398b7d0b7, findElement {using=xpath, value=//*[contains(text(),'admin Doe')]}]
Capabilities {acceptInsecureCerts: false, browserName: msedge, browserVersion: 107.0.1418.35, ms:edgeOptions: {debuggerAddress: localhost:52451}, msedge: {msedgedriverVersion: 107.0.1418.35 (806ca5c53c4f..., userDataDir: C:\Users\dell\AppData\Local...}, networkConnectionEnabled: false, pageLoadStrategy: normal, platformName: WINDOWS, proxy: Proxy(), se:cdp: ws://localhost:52451/devtoo..., se:cdpVersion: 107.0.1418.35, setWindowRect: true, strictFileInteractability: false, timeouts: {implicit: 0, pageLoad: 300000, script: 30000}, unhandledPromptBehavior: dismiss and notify, webauthn:extension:credBlob: true, webauthn:extension:largeBlob: true, webauthn:virtualAuthenticators: true}
Session ID: 0d16e2765e27ffc7d6f038e398b7d0b7
at java.base/jdk.internal.reflect.NativeConstructorAccessorImpl.newInstance0(Native Method)
at java.base/jdk.internal.reflect.NativeConstructorAccessorImpl.newInstance(NativeConstructorAccessorImpl.java:78)
at java.base/jdk.internal.reflect.DelegatingConstructorAccessorImpl.newInstance(DelegatingConstructorAccessorImpl.java:45)
at java.base/java.lang.reflect.Constructor.newInstanceWithCaller(Constructor.java:499)
at java.base/java.lang.reflect.Constructor.newInstance(Constructor.java:480)
at org.openqa.selenium.remote.codec.w3c.W3CHttpResponseCodec.createException(W3CHttpResponseCodec.java:200)
at org.openqa.selenium.remote.codec.w3c.W3CHttpResponseCodec.decode(W3CHttpResponseCodec.java:133)
at org.openqa.selenium.remote.codec.w3c.W3CHttpResponseCodec.decode(W3CHttpResponseCodec.java:53)
at org.openqa.selenium.remote.HttpCommandExecutor.execute(HttpCommandExecutor.java:184)
at org.openqa.selenium.remote.service.DriverCommandExecutor.invokeExecute(DriverCommandExecutor.java:167)
at org.openqa.selenium.remote.service.DriverCommandExecutor.execute(DriverCommandExecutor.java:142)
at org.openqa.selenium.remote.RemoteWebDriver.execute(RemoteWebDriver.java:551)
at org.openqa.selenium.remote.ElementLocation$ElementFinder$2.findElement(ElementLocation.java:162)
at org.openqa.selenium.remote.ElementLocation.findElement(ElementLocation.java:60)
at org.openqa.selenium.remote.RemoteWebDriver.findElement(RemoteWebDriver.java:369)
at org.openqa.selenium.remote.RemoteWebDriver.findElement(RemoteWebDriver.java:361)
at org.openqa.selenium.support.pagefactory.DefaultElementLocator.findElement(DefaultElementLocator.java:70)
at org.openqa.selenium.support.pagefactory.internal.LocatingElementHandler.invoke(LocatingElementHandler.java:39)
at jdk.proxy2/jdk.proxy2.$Proxy19.isDisplayed(Unknown Source)
at utilities.GeneralUtilities.isDisplayedMethod(GeneralUtilities.java:27)
at elementRepository.LoginPageClass.isAdminDoeDisplayed(LoginPageClass.java:63)
at executeClasses.LoginPageExecuteClass.verifyUnsuccessfulLogin(LoginPageExecuteClass.java:38)
at java.base/jdk.internal.reflect.NativeMethodAccessorImpl.invoke0(Native Method)
at java.base/jdk.internal.reflect.NativeMethodAccessorImpl.invoke(NativeMethodAccessorImpl.java:78)
at java.base/jdk.internal.reflect.DelegatingMethodAccessorImpl.invoke(DelegatingMethodAccessorImpl.java:43)
at java.base/java.lang.reflect.Method.invoke(Method.java:567)
at org.testng.internal.invokers.MethodInvocationHelper.invokeMethod(MethodInvocationHelper.java:139)
at org.testng.internal.invokers.TestInvoker.invokeMethod(TestInvoker.java:677)
at org.testng.internal.invokers.TestInvoker.invokeTestMethod(TestInvoker.java:221)
at org.testng.internal.invokers.MethodRunner.runInSequence(MethodRunner.java:50)
at org.testng.internal.invokers.TestInvoker$MethodInvocationAgent.invoke(TestInvoker.java:962)
at org.testng.internal.invokers.TestInvoker.invokeTestMethods(TestInvoker.java:194)
at org.testng.internal.invokers.TestMethodWorker.invokeTestMethods(TestMethodWorker.java:148)
at org.testng.internal.invokers.TestMethodWorker.run(TestMethodWorker.java:128)
at java.base/java.util.ArrayList.forEach(ArrayList.java:1511)
at org.testng.TestRunner.privateRun(TestRunner.java:806)
at org.testng.TestRunner.run(TestRunner.java:601)
at org.testng.SuiteRunner.runTest(SuiteRunner.java:433)
at org.testng.SuiteRunner.runSequentially(SuiteRunner.java:427)
at org.testng.SuiteRunner.privateRun(SuiteRunner.java:387)
at org.testng.SuiteRunner.run(SuiteRunner.java:330)
at org.testng.SuiteRunnerWorker.runSuite(SuiteRunnerWorker.java:52)
at org.testng.SuiteRunnerWorker.run(SuiteRunnerWorker.java:95)
at org.testng.TestNG.runSuitesSequentially(TestNG.java:1256)
at org.testng.TestNG.runSuitesLocally(TestNG.java:1176)
at org.testng.TestNG.runSuites(TestNG.java:1099)
at org.testng.TestNG.run(TestNG.java:1067)
at org.testng.remote.AbstractRemoteTestNG.run(AbstractRemoteTestNG.java:115)
at org.testng.remote.RemoteTestNG.initAndRun(RemoteTestNG.java:251)
at org.testng.remote.RemoteTestNG.main(RemoteTestNG.java:77)
]]>
            </full-stacktrace>
          </exception> <!-- org.openqa.selenium.NoSuchElementException -->
          <reporter-output>
          </reporter-output>
        </test-method> <!-- verifyUnsuccessfulLogin -->
        <test-method is-config="true" signature="afterMethod(org.testng.ITestResult)[pri:0, instance:executeClasses.LoginPageExecuteClass@2fb0623e]" started-at="2022-11-05T20:44:46 IST" name="afterMethod" finished-at="2022-11-05T20:44:47 IST" duration-ms="1053" status="PASS">
          <params>
            <param index="0">
              <value>
                <![CDATA[[TestResult name=verifyUnsuccessfulLogin status=FAILURE method=LoginPageExecuteClass.verifyUnsuccessfulLogin(java.lang.String,java.lang.String)[pri:3, instance:executeClasses.LoginPageExecuteClass@2fb0623e] output={null}]]]>
              </value>
            </param>
          </params>
          <reporter-output>
          </reporter-output>
        </test-method> <!-- afterMethod -->
        <test-method is-config="true" signature="beforeMethod(java.lang.String)[pri:0, instance:executeClasses.LoginPageExecuteClass@2fb0623e]" started-at="2022-11-05T20:44:47 IST" name="beforeMethod" finished-at="2022-11-05T20:44:54 IST" duration-ms="7073" status="PASS">
          <params>
            <param index="0">
              <value>
                <![CDATA[edge]]>
              </value>
            </param>
          </params>
          <reporter-output>
          </reporter-output>
        </test-method> <!-- beforeMethod -->
        <test-method signature="verifyUnsuccessfulLogin(java.lang.String,java.lang.String)[pri:3, instance:executeClasses.LoginPageExecuteClass@2fb0623e]" started-at="2022-11-05T20:44:54 IST" name="verifyUnsuccessfulLogin" data-provider="DataProvider" finished-at="2022-11-05T20:45:00 IST" duration-ms="5854" status="FAIL">
          <params>
            <param index="0">
              <value>
                <![CDATA[admin]]>
              </value>
            </param>
            <param index="1">
              <value>
                <![CDATA[pass]]>
              </value>
            </param>
          </params>
          <exception class="org.openqa.selenium.NoSuchElementException">
            <message>
              <![CDATA[no such element: Unable to locate element: {"method":"xpath","selector":"//*[contains(text(),'admin Doe')]"}
  (Session info: MicrosoftEdge=107.0.1418.35)
For documentation on this error, please visit: https://selenium.dev/exceptions/#no_such_element
Build info: version: '4.2.1', revision: 'ac4d0fdd4a'
System info: host: 'DESKTOP-4FFBNMC', ip: '192.168.1.40', os.name: 'Windows 10', os.arch: 'amd64', os.version: '10.0', java.version: '16.0.1'
Driver info: org.openqa.selenium.edge.EdgeDriver
Command: [142106ec18582fb646e332cc23abf520, findElement {using=xpath, value=//*[contains(text(),'admin Doe')]}]
Capabilities {acceptInsecureCerts: false, browserName: msedge, browserVersion: 107.0.1418.35, ms:edgeOptions: {debuggerAddress: localhost:52610}, msedge: {msedgedriverVersion: 107.0.1418.35 (806ca5c53c4f..., userDataDir: C:\Users\dell\AppData\Local...}, networkConnectionEnabled: false, pageLoadStrategy: normal, platformName: WINDOWS, proxy: Proxy(), se:cdp: ws://localhost:52610/devtoo..., se:cdpVersion: 107.0.1418.35, setWindowRect: true, strictFileInteractability: false, timeouts: {implicit: 0, pageLoad: 300000, script: 30000}, unhandledPromptBehavior: dismiss and notify, webauthn:extension:credBlob: true, webauthn:extension:largeBlob: true, webauthn:virtualAuthenticators: true}
Session ID: 142106ec18582fb646e332cc23abf520]]>
            </message>
            <full-stacktrace>
              <![CDATA[org.openqa.selenium.NoSuchElementException: no such element: Unable to locate element: {"method":"xpath","selector":"//*[contains(text(),'admin Doe')]"}
  (Session info: MicrosoftEdge=107.0.1418.35)
For documentation on this error, please visit: https://selenium.dev/exceptions/#no_such_element
Build info: version: '4.2.1', revision: 'ac4d0fdd4a'
System info: host: 'DESKTOP-4FFBNMC', ip: '192.168.1.40', os.name: 'Windows 10', os.arch: 'amd64', os.version: '10.0', java.version: '16.0.1'
Driver info: org.openqa.selenium.edge.EdgeDriver
Command: [142106ec18582fb646e332cc23abf520, findElement {using=xpath, value=//*[contains(text(),'admin Doe')]}]
Capabilities {acceptInsecureCerts: false, browserName: msedge, browserVersion: 107.0.1418.35, ms:edgeOptions: {debuggerAddress: localhost:52610}, msedge: {msedgedriverVersion: 107.0.1418.35 (806ca5c53c4f..., userDataDir: C:\Users\dell\AppData\Local...}, networkConnectionEnabled: false, pageLoadStrategy: normal, platformName: WINDOWS, proxy: Proxy(), se:cdp: ws://localhost:52610/devtoo..., se:cdpVersion: 107.0.1418.35, setWindowRect: true, strictFileInteractability: false, timeouts: {implicit: 0, pageLoad: 300000, script: 30000}, unhandledPromptBehavior: dismiss and notify, webauthn:extension:credBlob: true, webauthn:extension:largeBlob: true, webauthn:virtualAuthenticators: true}
Session ID: 142106ec18582fb646e332cc23abf520
at java.base/jdk.internal.reflect.NativeConstructorAccessorImpl.newInstance0(Native Method)
at java.base/jdk.internal.reflect.NativeConstructorAccessorImpl.newInstance(NativeConstructorAccessorImpl.java:78)
at java.base/jdk.internal.reflect.DelegatingConstructorAccessorImpl.newInstance(DelegatingConstructorAccessorImpl.java:45)
at java.base/java.lang.reflect.Constructor.newInstanceWithCaller(Constructor.java:499)
at java.base/java.lang.reflect.Constructor.newInstance(Constructor.java:480)
at org.openqa.selenium.remote.codec.w3c.W3CHttpResponseCodec.createException(W3CHttpResponseCodec.java:200)
at org.openqa.selenium.remote.codec.w3c.W3CHttpResponseCodec.decode(W3CHttpResponseCodec.java:133)
at org.openqa.selenium.remote.codec.w3c.W3CHttpResponseCodec.decode(W3CHttpResponseCodec.java:53)
at org.openqa.selenium.remote.HttpCommandExecutor.execute(HttpCommandExecutor.java:184)
at org.openqa.selenium.remote.service.DriverCommandExecutor.invokeExecute(DriverCommandExecutor.java:167)
at org.openqa.selenium.remote.service.DriverCommandExecutor.execute(DriverCommandExecutor.java:142)
at org.openqa.selenium.remote.RemoteWebDriver.execute(RemoteWebDriver.java:551)
at org.openqa.selenium.remote.ElementLocation$ElementFinder$2.findElement(ElementLocation.java:162)
at org.openqa.selenium.remote.ElementLocation.findElement(ElementLocation.java:60)
at org.openqa.selenium.remote.RemoteWebDriver.findElement(RemoteWebDriver.java:369)
at org.openqa.selenium.remote.RemoteWebDriver.findElement(RemoteWebDriver.java:361)
at org.openqa.selenium.support.pagefactory.DefaultElementLocator.findElement(DefaultElementLocator.java:70)
at org.openqa.selenium.support.pagefactory.internal.LocatingElementHandler.invoke(LocatingElementHandler.java:39)
at jdk.proxy2/jdk.proxy2.$Proxy19.isDisplayed(Unknown Source)
at utilities.GeneralUtilities.isDisplayedMethod(GeneralUtilities.java:27)
at elementRepository.LoginPageClass.isAdminDoeDisplayed(LoginPageClass.java:63)
at executeClasses.LoginPageExecuteClass.verifyUnsuccessfulLogin(LoginPageExecuteClass.java:38)
at java.base/jdk.internal.reflect.NativeMethodAccessorImpl.invoke0(Native Method)
at java.base/jdk.internal.reflect.NativeMethodAccessorImpl.invoke(NativeMethodAccessorImpl.java:78)
at java.base/jdk.internal.reflect.DelegatingMethodAccessorImpl.invoke(DelegatingMethodAccessorImpl.java:43)
at java.base/java.lang.reflect.Method.invoke(Method.java:567)
at org.testng.internal.invokers.MethodInvocationHelper.invokeMethod(MethodInvocationHelper.java:139)
at org.testng.internal.invokers.TestInvoker.invokeMethod(TestInvoker.java:677)
at org.testng.internal.invokers.TestInvoker.invokeTestMethod(TestInvoker.java:221)
at org.testng.internal.invokers.MethodRunner.runInSequence(MethodRunner.java:50)
at org.testng.internal.invokers.TestInvoker$MethodInvocationAgent.invoke(TestInvoker.java:962)
at org.testng.internal.invokers.TestInvoker.invokeTestMethods(TestInvoker.java:194)
at org.testng.internal.invokers.TestMethodWorker.invokeTestMethods(TestMethodWorker.java:148)
at org.testng.internal.invokers.TestMethodWorker.run(TestMethodWorker.java:128)
at java.base/java.util.ArrayList.forEach(ArrayList.java:1511)
at org.testng.TestRunner.privateRun(TestRunner.java:806)
at org.testng.TestRunner.run(TestRunner.java:601)
at org.testng.SuiteRunner.runTest(SuiteRunner.java:433)
at org.testng.SuiteRunner.runSequentially(SuiteRunner.java:427)
at org.testng.SuiteRunner.privateRun(SuiteRunner.java:387)
at org.testng.SuiteRunner.run(SuiteRunner.java:330)
at org.testng.SuiteRunnerWorker.runSuite(SuiteRunnerWorker.java:52)
at org.testng.SuiteRunnerWorker.run(SuiteRunnerWorker.java:95)
at org.testng.TestNG.runSuitesSequentially(TestNG.java:1256)
at org.testng.TestNG.runSuitesLocally(TestNG.java:1176)
at org.testng.TestNG.runSuites(TestNG.java:1099)
at org.testng.TestNG.run(TestNG.java:1067)
at org.testng.remote.AbstractRemoteTestNG.run(AbstractRemoteTestNG.java:115)
at org.testng.remote.RemoteTestNG.initAndRun(RemoteTestNG.java:251)
at org.testng.remote.RemoteTestNG.main(RemoteTestNG.java:77)
]]>
            </full-stacktrace>
          </exception> <!-- org.openqa.selenium.NoSuchElementException -->
          <reporter-output>
          </reporter-output>
        </test-method> <!-- verifyUnsuccessfulLogin -->
        <test-method is-config="true" signature="afterMethod(org.testng.ITestResult)[pri:0, instance:executeClasses.LoginPageExecuteClass@2fb0623e]" started-at="2022-11-05T20:45:00 IST" name="afterMethod" finished-at="2022-11-05T20:45:01 IST" duration-ms="923" status="PASS">
          <params>
            <param index="0">
              <value>
                <![CDATA[[TestResult name=verifyUnsuccessfulLogin status=FAILURE method=LoginPageExecuteClass.verifyUnsuccessfulLogin(java.lang.String,java.lang.String)[pri:3, instance:executeClasses.LoginPageExecuteClass@2fb0623e] output={null}]]]>
              </value>
            </param>
          </params>
          <reporter-output>
          </reporter-output>
        </test-method> <!-- afterMethod -->
        <test-method is-config="true" signature="beforeMethod(java.lang.String)[pri:0, instance:executeClasses.LoginPageExecuteClass@2fb0623e]" started-at="2022-11-05T20:45:01 IST" name="beforeMethod" finished-at="2022-11-05T20:45:11 IST" duration-ms="10446" status="PASS">
          <params>
            <param index="0">
              <value>
                <![CDATA[edge]]>
              </value>
            </param>
          </params>
          <reporter-output>
          </reporter-output>
        </test-method> <!-- beforeMethod -->
        <test-method signature="verifyUnsuccessfulLogin(java.lang.String,java.lang.String)[pri:3, instance:executeClasses.LoginPageExecuteClass@2fb0623e]" started-at="2022-11-05T20:45:11 IST" name="verifyUnsuccessfulLogin" data-provider="DataProvider" finished-at="2022-11-05T20:45:17 IST" duration-ms="5546" status="FAIL">
          <params>
            <param index="0">
              <value>
                <![CDATA[adm155]]>
              </value>
            </param>
            <param index="1">
              <value>
                <![CDATA[afrt]]>
              </value>
            </param>
          </params>
          <exception class="org.openqa.selenium.NoSuchElementException">
            <message>
              <![CDATA[no such element: Unable to locate element: {"method":"xpath","selector":"//*[contains(text(),'admin Doe')]"}
  (Session info: MicrosoftEdge=107.0.1418.35)
For documentation on this error, please visit: https://selenium.dev/exceptions/#no_such_element
Build info: version: '4.2.1', revision: 'ac4d0fdd4a'
System info: host: 'DESKTOP-4FFBNMC', ip: '192.168.1.40', os.name: 'Windows 10', os.arch: 'amd64', os.version: '10.0', java.version: '16.0.1'
Driver info: org.openqa.selenium.edge.EdgeDriver
Command: [b99c23e7a7189892d0eca57190974f69, findElement {using=xpath, value=//*[contains(text(),'admin Doe')]}]
Capabilities {acceptInsecureCerts: false, browserName: msedge, browserVersion: 107.0.1418.35, ms:edgeOptions: {debuggerAddress: localhost:52739}, msedge: {msedgedriverVersion: 107.0.1418.35 (806ca5c53c4f..., userDataDir: C:\Users\dell\AppData\Local...}, networkConnectionEnabled: false, pageLoadStrategy: normal, platformName: WINDOWS, proxy: Proxy(), se:cdp: ws://localhost:52739/devtoo..., se:cdpVersion: 107.0.1418.35, setWindowRect: true, strictFileInteractability: false, timeouts: {implicit: 0, pageLoad: 300000, script: 30000}, unhandledPromptBehavior: dismiss and notify, webauthn:extension:credBlob: true, webauthn:extension:largeBlob: true, webauthn:virtualAuthenticators: true}
Session ID: b99c23e7a7189892d0eca57190974f69]]>
            </message>
            <full-stacktrace>
              <![CDATA[org.openqa.selenium.NoSuchElementException: no such element: Unable to locate element: {"method":"xpath","selector":"//*[contains(text(),'admin Doe')]"}
  (Session info: MicrosoftEdge=107.0.1418.35)
For documentation on this error, please visit: https://selenium.dev/exceptions/#no_such_element
Build info: version: '4.2.1', revision: 'ac4d0fdd4a'
System info: host: 'DESKTOP-4FFBNMC', ip: '192.168.1.40', os.name: 'Windows 10', os.arch: 'amd64', os.version: '10.0', java.version: '16.0.1'
Driver info: org.openqa.selenium.edge.EdgeDriver
Command: [b99c23e7a7189892d0eca57190974f69, findElement {using=xpath, value=//*[contains(text(),'admin Doe')]}]
Capabilities {acceptInsecureCerts: false, browserName: msedge, browserVersion: 107.0.1418.35, ms:edgeOptions: {debuggerAddress: localhost:52739}, msedge: {msedgedriverVersion: 107.0.1418.35 (806ca5c53c4f..., userDataDir: C:\Users\dell\AppData\Local...}, networkConnectionEnabled: false, pageLoadStrategy: normal, platformName: WINDOWS, proxy: Proxy(), se:cdp: ws://localhost:52739/devtoo..., se:cdpVersion: 107.0.1418.35, setWindowRect: true, strictFileInteractability: false, timeouts: {implicit: 0, pageLoad: 300000, script: 30000}, unhandledPromptBehavior: dismiss and notify, webauthn:extension:credBlob: true, webauthn:extension:largeBlob: true, webauthn:virtualAuthenticators: true}
Session ID: b99c23e7a7189892d0eca57190974f69
at java.base/jdk.internal.reflect.NativeConstructorAccessorImpl.newInstance0(Native Method)
at java.base/jdk.internal.reflect.NativeConstructorAccessorImpl.newInstance(NativeConstructorAccessorImpl.java:78)
at java.base/jdk.internal.reflect.DelegatingConstructorAccessorImpl.newInstance(DelegatingConstructorAccessorImpl.java:45)
at java.base/java.lang.reflect.Constructor.newInstanceWithCaller(Constructor.java:499)
at java.base/java.lang.reflect.Constructor.newInstance(Constructor.java:480)
at org.openqa.selenium.remote.codec.w3c.W3CHttpResponseCodec.createException(W3CHttpResponseCodec.java:200)
at org.openqa.selenium.remote.codec.w3c.W3CHttpResponseCodec.decode(W3CHttpResponseCodec.java:133)
at org.openqa.selenium.remote.codec.w3c.W3CHttpResponseCodec.decode(W3CHttpResponseCodec.java:53)
at org.openqa.selenium.remote.HttpCommandExecutor.execute(HttpCommandExecutor.java:184)
at org.openqa.selenium.remote.service.DriverCommandExecutor.invokeExecute(DriverCommandExecutor.java:167)
at org.openqa.selenium.remote.service.DriverCommandExecutor.execute(DriverCommandExecutor.java:142)
at org.openqa.selenium.remote.RemoteWebDriver.execute(RemoteWebDriver.java:551)
at org.openqa.selenium.remote.ElementLocation$ElementFinder$2.findElement(ElementLocation.java:162)
at org.openqa.selenium.remote.ElementLocation.findElement(ElementLocation.java:60)
at org.openqa.selenium.remote.RemoteWebDriver.findElement(RemoteWebDriver.java:369)
at org.openqa.selenium.remote.RemoteWebDriver.findElement(RemoteWebDriver.java:361)
at org.openqa.selenium.support.pagefactory.DefaultElementLocator.findElement(DefaultElementLocator.java:70)
at org.openqa.selenium.support.pagefactory.internal.LocatingElementHandler.invoke(LocatingElementHandler.java:39)
at jdk.proxy2/jdk.proxy2.$Proxy19.isDisplayed(Unknown Source)
at utilities.GeneralUtilities.isDisplayedMethod(GeneralUtilities.java:27)
at elementRepository.LoginPageClass.isAdminDoeDisplayed(LoginPageClass.java:63)
at executeClasses.LoginPageExecuteClass.verifyUnsuccessfulLogin(LoginPageExecuteClass.java:38)
at java.base/jdk.internal.reflect.NativeMethodAccessorImpl.invoke0(Native Method)
at java.base/jdk.internal.reflect.NativeMethodAccessorImpl.invoke(NativeMethodAccessorImpl.java:78)
at java.base/jdk.internal.reflect.DelegatingMethodAccessorImpl.invoke(DelegatingMethodAccessorImpl.java:43)
at java.base/java.lang.reflect.Method.invoke(Method.java:567)
at org.testng.internal.invokers.MethodInvocationHelper.invokeMethod(MethodInvocationHelper.java:139)
at org.testng.internal.invokers.TestInvoker.invokeMethod(TestInvoker.java:677)
at org.testng.internal.invokers.TestInvoker.invokeTestMethod(TestInvoker.java:221)
at org.testng.internal.invokers.MethodRunner.runInSequence(MethodRunner.java:50)
at org.testng.internal.invokers.TestInvoker$MethodInvocationAgent.invoke(TestInvoker.java:962)
at org.testng.internal.invokers.TestInvoker.invokeTestMethods(TestInvoker.java:194)
at org.testng.internal.invokers.TestMethodWorker.invokeTestMethods(TestMethodWorker.java:148)
at org.testng.internal.invokers.TestMethodWorker.run(TestMethodWorker.java:128)
at java.base/java.util.ArrayList.forEach(ArrayList.java:1511)
at org.testng.TestRunner.privateRun(TestRunner.java:806)
at org.testng.TestRunner.run(TestRunner.java:601)
at org.testng.SuiteRunner.runTest(SuiteRunner.java:433)
at org.testng.SuiteRunner.runSequentially(SuiteRunner.java:427)
at org.testng.SuiteRunner.privateRun(SuiteRunner.java:387)
at org.testng.SuiteRunner.run(SuiteRunner.java:330)
at org.testng.SuiteRunnerWorker.runSuite(SuiteRunnerWorker.java:52)
at org.testng.SuiteRunnerWorker.run(SuiteRunnerWorker.java:95)
at org.testng.TestNG.runSuitesSequentially(TestNG.java:1256)
at org.testng.TestNG.runSuitesLocally(TestNG.java:1176)
at org.testng.TestNG.runSuites(TestNG.java:1099)
at org.testng.TestNG.run(TestNG.java:1067)
at org.testng.remote.AbstractRemoteTestNG.run(AbstractRemoteTestNG.java:115)
at org.testng.remote.RemoteTestNG.initAndRun(RemoteTestNG.java:251)
at org.testng.remote.RemoteTestNG.main(RemoteTestNG.java:77)
]]>
            </full-stacktrace>
          </exception> <!-- org.openqa.selenium.NoSuchElementException -->
          <reporter-output>
          </reporter-output>
        </test-method> <!-- verifyUnsuccessfulLogin -->
        <test-method is-config="true" signature="afterMethod(org.testng.ITestResult)[pri:0, instance:executeClasses.LoginPageExecuteClass@2fb0623e]" started-at="2022-11-05T20:45:17 IST" name="afterMethod" finished-at="2022-11-05T20:45:18 IST" duration-ms="910" status="PASS">
          <params>
            <param index="0">
              <value>
                <![CDATA[[TestResult name=verifyUnsuccessfulLogin status=FAILURE method=LoginPageExecuteClass.verifyUnsuccessfulLogin(java.lang.String,java.lang.String)[pri:3, instance:executeClasses.LoginPageExecuteClass@2fb0623e] output={null}]]]>
              </value>
            </param>
          </params>
          <reporter-output>
          </reporter-output>
        </test-method> <!-- afterMethod -->
      </class> <!-- executeClasses.LoginPageExecuteClass -->
    </test> <!-- Test -->
  </suite> <!-- Suite -->
</testng-results>
